16:40:30 **** Incremental Build of configuration Debug for project MKL46Z4_Boot ****
make -r -j8 all 
Building file: ../supports/queue.c
Invoking: MCU C Compiler
arm-none-eabi-gcc -D__REDLIB__ -DCPU_MKL46Z256VLL4_cm0plus -DCPU_MKL46Z256VLL4 -DFSL_RTOS_BM -DSDK_OS_BAREMETAL -DSDK_DEBUGCONSOLE=1 -DCR_INTEGER_PRINTF -DPRINTF_FLOAT_ENABLE=0 -D__MCUXPRESSO -D__USE_CMSIS -DDEBUG -I"F:\KL46Project\MKL46Z4_BootLoader\workspace\MKL46Z4_Boot\supports" -I"F:\KL46Project\MKL46Z4_BootLoader\workspace\MKL46Z4_Boot\source" -I"F:\KL46Project\MKL46Z4_BootLoader\workspace\MKL46Z4_Boot\interface" -I"F:\KL46Project\MKL46Z4_BootLoader\workspace\MKL46Z4_Boot\middleware" -I"F:\KL46Project\MKL46Z4_BootLoader\workspace\MKL46Z4_Boot\drivers" -I"F:\KL46Project\MKL46Z4_BootLoader\workspace\MKL46Z4_Boot" -I"F:\KL46Project\MKL46Z4_BootLoader\workspace\MKL46Z4_Boot\CMSIS" -I"F:\KL46Project\MKL46Z4_BootLoader\workspace\MKL46Z4_Boot\startup" -O0 -fno-common -g3 -gdwarf-4 -Wall -c -ffunction-sections -fdata-sections -ffreestanding -fno-builtin -fmerge-constants -fmacro-prefix-map="../supports/"= -mcpu=cortex-m0plus -mthumb -D__REDLIB__ -fstack-usage -specs=redlib.specs -MMD -MP -MF"supports/queue.d" -MT"supports/queue.o" -MT"supports/queue.d" -o "supports/queue.o" "../supports/queue.c"
Finished building: ../supports/queue.c
 
Building target: MKL46Z4_Boot.axf
Invoking: MCU Linker
arm-none-eabi-gcc -nostdlib -Xlinker -Map="MKL46Z4_Boot.map" -Xlinker --gc-sections -Xlinker -print-memory-usage -Xlinker --sort-section=alignment -Xlinker --cref -mcpu=cortex-m0plus -mthumb -T MKL46Z4_Boot_Debug.ld -o "MKL46Z4_Boot.axf" ./supports/queue.o  ./startup/startup_mkl46z4.o  ./source/MKL46Z4_LightSensor.o ./source/mtb.o  ./middleware/updateflash.o ./middleware/usb.o  ./interface/interface.o  ./drivers/clock.o ./drivers/ftfa.o ./drivers/gpio.o ./drivers/nvic.o ./drivers/port.o ./drivers/systick.o ./drivers/uart0.o  ./CMSIS/system_MKL46Z4.o   
Memory region         Used Size  Region Size  %age Used
   PROGRAM_FLASH:        4712 B       256 KB      1.80%
            SRAM:        4564 B        32 KB     13.93%
Finished building target: MKL46Z4_Boot.axf
 
Performing post-build steps
arm-none-eabi-size "MKL46Z4_Boot.axf"; # arm-none-eabi-objcopy -v -O binary "MKL46Z4_Boot.axf" "MKL46Z4_Boot.bin" ; # checksum -p MKL46Z256xxx4 -d "MKL46Z4_Boot.bin";
   text	   data	    bss	    dec	    hex	filename
   4712	      0	   4564	   9276	   243c	MKL46Z4_Boot.axf
 
16:40:35 **** Build of configuration Debug for project MKL46Z4_Boot ****
make -r -j8 all 
make[1]: Nothing to be done for 'main-build'.
Performing post-build steps
arm-none-eabi-size "MKL46Z4_Boot.axf"; # arm-none-eabi-objcopy -v -O binary "MKL46Z4_Boot.axf" "MKL46Z4_Boot.bin" ; # checksum -p MKL46Z256xxx4 -d "MKL46Z4_Boot.bin";
   text	   data	    bss	    dec	    hex	filename
   4712	      0	   4564	   9276	   243c	MKL46Z4_Boot.axf
 
16:40:35 **** Incremental Build of configuration Debug for project MKL46Z4_Boot ****
make -r -j8 all 
make[1]: Nothing to be done for 'main-build'.
Performing post-build steps
arm-none-eabi-size "MKL46Z4_Boot.axf"; # arm-none-eabi-objcopy -v -O binary "MKL46Z4_Boot.axf" "MKL46Z4_Boot.bin" ; # checksum -p MKL46Z256xxx4 -d "MKL46Z4_Boot.bin";
   text	   data	    bss	    dec	    hex	filename
   4712	      0	   4564	   9276	   243c	MKL46Z4_Boot.axf
 
16:42:43 **** Build of configuration Debug for project MKL46Z4_Boot ****
make -r -j8 all 
Building file: ../supports/queue.c
Invoking: MCU C Compiler
arm-none-eabi-gcc -D__REDLIB__ -DCPU_MKL46Z256VLL4_cm0plus -DCPU_MKL46Z256VLL4 -DFSL_RTOS_BM -DSDK_OS_BAREMETAL -DSDK_DEBUGCONSOLE=1 -DCR_INTEGER_PRINTF -DPRINTF_FLOAT_ENABLE=0 -D__MCUXPRESSO -D__USE_CMSIS -DDEBUG -I"F:\KL46Project\MKL46Z4_BootLoader\workspace\MKL46Z4_Boot\supports" -I"F:\KL46Project\MKL46Z4_BootLoader\workspace\MKL46Z4_Boot\source" -I"F:\KL46Project\MKL46Z4_BootLoader\workspace\MKL46Z4_Boot\interface" -I"F:\KL46Project\MKL46Z4_BootLoader\workspace\MKL46Z4_Boot\middleware" -I"F:\KL46Project\MKL46Z4_BootLoader\workspace\MKL46Z4_Boot\drivers" -I"F:\KL46Project\MKL46Z4_BootLoader\workspace\MKL46Z4_Boot" -I"F:\KL46Project\MKL46Z4_BootLoader\workspace\MKL46Z4_Boot\CMSIS" -I"F:\KL46Project\MKL46Z4_BootLoader\workspace\MKL46Z4_Boot\startup" -O0 -fno-common -g3 -gdwarf-4 -Wall -c -ffunction-sections -fdata-sections -ffreestanding -fno-builtin -fmerge-constants -fmacro-prefix-map="../supports/"= -mcpu=cortex-m0plus -mthumb -D__REDLIB__ -fstack-usage -specs=redlib.specs -MMD -MP -MF"supports/queue.d" -MT"supports/queue.o" -MT"supports/queue.d" -o "supports/queue.o" "../supports/queue.c"
Finished building: ../supports/queue.c
 
Building target: MKL46Z4_Boot.axf
Invoking: MCU Linker
arm-none-eabi-gcc -nostdlib -Xlinker -Map="MKL46Z4_Boot.map" -Xlinker --gc-sections -Xlinker -print-memory-usage -Xlinker --sort-section=alignment -Xlinker --cref -mcpu=cortex-m0plus -mthumb -T MKL46Z4_Boot_Debug.ld -o "MKL46Z4_Boot.axf" ./supports/queue.o  ./startup/startup_mkl46z4.o  ./source/MKL46Z4_LightSensor.o ./source/mtb.o  ./middleware/updateflash.o ./middleware/usb.o  ./interface/interface.o  ./drivers/clock.o ./drivers/ftfa.o ./drivers/gpio.o ./drivers/nvic.o ./drivers/port.o ./drivers/systick.o ./drivers/uart0.o  ./CMSIS/system_MKL46Z4.o   
Memory region         Used Size  Region Size  %age Used
   PROGRAM_FLASH:        4712 B       256 KB      1.80%
            SRAM:        4564 B        32 KB     13.93%
Finished building target: MKL46Z4_Boot.axf
 
Performing post-build steps
arm-none-eabi-size "MKL46Z4_Boot.axf"; # arm-none-eabi-objcopy -v -O binary "MKL46Z4_Boot.axf" "MKL46Z4_Boot.bin" ; # checksum -p MKL46Z256xxx4 -d "MKL46Z4_Boot.bin";
   text	   data	    bss	    dec	    hex	filename
   4712	      0	   4564	   9276	   243c	MKL46Z4_Boot.axf
 
16:42:44 **** Incremental Build of configuration Debug for project MKL46Z4_Boot ****
make -r -j8 all 
make[1]: Nothing to be done for 'main-build'.
Performing post-build steps
arm-none-eabi-size "MKL46Z4_Boot.axf"; # arm-none-eabi-objcopy -v -O binary "MKL46Z4_Boot.axf" "MKL46Z4_Boot.bin" ; # checksum -p MKL46Z256xxx4 -d "MKL46Z4_Boot.bin";
   text	   data	    bss	    dec	    hex	filename
   4712	      0	   4564	   9276	   243c	MKL46Z4_Boot.axf
 
16:44:06 **** Build of configuration Debug for project MKL46Z4_Boot ****
make -r -j8 all 
Building file: ../supports/queue.c
Invoking: MCU C Compiler
arm-none-eabi-gcc -D__REDLIB__ -DCPU_MKL46Z256VLL4_cm0plus -DCPU_MKL46Z256VLL4 -DFSL_RTOS_BM -DSDK_OS_BAREMETAL -DSDK_DEBUGCONSOLE=1 -DCR_INTEGER_PRINTF -DPRINTF_FLOAT_ENABLE=0 -D__MCUXPRESSO -D__USE_CMSIS -DDEBUG -I"F:\KL46Project\MKL46Z4_BootLoader\workspace\MKL46Z4_Boot\supports" -I"F:\KL46Project\MKL46Z4_BootLoader\workspace\MKL46Z4_Boot\source" -I"F:\KL46Project\MKL46Z4_BootLoader\workspace\MKL46Z4_Boot\interface" -I"F:\KL46Project\MKL46Z4_BootLoader\workspace\MKL46Z4_Boot\middleware" -I"F:\KL46Project\MKL46Z4_BootLoader\workspace\MKL46Z4_Boot\drivers" -I"F:\KL46Project\MKL46Z4_BootLoader\workspace\MKL46Z4_Boot" -I"F:\KL46Project\MKL46Z4_BootLoader\workspace\MKL46Z4_Boot\CMSIS" -I"F:\KL46Project\MKL46Z4_BootLoader\workspace\MKL46Z4_Boot\startup" -O0 -fno-common -g3 -gdwarf-4 -Wall -c -ffunction-sections -fdata-sections -ffreestanding -fno-builtin -fmerge-constants -fmacro-prefix-map="../supports/"= -mcpu=cortex-m0plus -mthumb -D__REDLIB__ -fstack-usage -specs=redlib.specs -MMD -MP -MF"supports/queue.d" -MT"supports/queue.o" -MT"supports/queue.d" -o "supports/queue.o" "../supports/queue.c"
Finished building: ../supports/queue.c
 
Building target: MKL46Z4_Boot.axf
Invoking: MCU Linker
arm-none-eabi-gcc -nostdlib -Xlinker -Map="MKL46Z4_Boot.map" -Xlinker --gc-sections -Xlinker -print-memory-usage -Xlinker --sort-section=alignment -Xlinker --cref -mcpu=cortex-m0plus -mthumb -T MKL46Z4_Boot_Debug.ld -o "MKL46Z4_Boot.axf" ./supports/queue.o  ./startup/startup_mkl46z4.o  ./source/MKL46Z4_LightSensor.o ./source/mtb.o  ./middleware/updateflash.o ./middleware/usb.o  ./interface/interface.o  ./drivers/clock.o ./drivers/ftfa.o ./drivers/gpio.o ./drivers/nvic.o ./drivers/port.o ./drivers/systick.o ./drivers/uart0.o  ./CMSIS/system_MKL46Z4.o   
Memory region         Used Size  Region Size  %age Used
   PROGRAM_FLASH:        4712 B       256 KB      1.80%
            SRAM:        4564 B        32 KB     13.93%
Finished building target: MKL46Z4_Boot.axf
 
Performing post-build steps
arm-none-eabi-size "MKL46Z4_Boot.axf"; # arm-none-eabi-objcopy -v -O binary "MKL46Z4_Boot.axf" "MKL46Z4_Boot.bin" ; # checksum -p MKL46Z256xxx4 -d "MKL46Z4_Boot.bin";
   text	   data	    bss	    dec	    hex	filename
   4712	      0	   4564	   9276	   243c	MKL46Z4_Boot.axf
 
16:44:07 **** Incremental Build of configuration Debug for project MKL46Z4_Boot ****
make -r -j8 all 
make[1]: Nothing to be done for 'main-build'.
Performing post-build steps
arm-none-eabi-size "MKL46Z4_Boot.axf"; # arm-none-eabi-objcopy -v -O binary "MKL46Z4_Boot.axf" "MKL46Z4_Boot.bin" ; # checksum -p MKL46Z256xxx4 -d "MKL46Z4_Boot.bin";
   text	   data	    bss	    dec	    hex	filename
   4712	      0	   4564	   9276	   243c	MKL46Z4_Boot.axf
 
16:48:32 **** Build of configuration Debug for project MKL46Z4_Boot ****
make -r -j8 all 
Building file: ../supports/queue.c
Invoking: MCU C Compiler
arm-none-eabi-gcc -D__REDLIB__ -DCPU_MKL46Z256VLL4_cm0plus -DCPU_MKL46Z256VLL4 -DFSL_RTOS_BM -DSDK_OS_BAREMETAL -DSDK_DEBUGCONSOLE=1 -DCR_INTEGER_PRINTF -DPRINTF_FLOAT_ENABLE=0 -D__MCUXPRESSO -D__USE_CMSIS -DDEBUG -I"F:\KL46Project\MKL46Z4_BootLoader\workspace\MKL46Z4_Boot\supports" -I"F:\KL46Project\MKL46Z4_BootLoader\workspace\MKL46Z4_Boot\source" -I"F:\KL46Project\MKL46Z4_BootLoader\workspace\MKL46Z4_Boot\interface" -I"F:\KL46Project\MKL46Z4_BootLoader\workspace\MKL46Z4_Boot\middleware" -I"F:\KL46Project\MKL46Z4_BootLoader\workspace\MKL46Z4_Boot\drivers" -I"F:\KL46Project\MKL46Z4_BootLoader\workspace\MKL46Z4_Boot" -I"F:\KL46Project\MKL46Z4_BootLoader\workspace\MKL46Z4_Boot\CMSIS" -I"F:\KL46Project\MKL46Z4_BootLoader\workspace\MKL46Z4_Boot\startup" -O0 -fno-common -g3 -gdwarf-4 -Wall -c -ffunction-sections -fdata-sections -ffreestanding -fno-builtin -fmerge-constants -fmacro-prefix-map="../supports/"= -mcpu=cortex-m0plus -mthumb -D__REDLIB__ -fstack-usage -specs=redlib.specs -MMD -MP -MF"supports/queue.d" -MT"supports/queue.o" -MT"supports/queue.d" -o "supports/queue.o" "../supports/queue.c"
Finished building: ../supports/queue.c
 
Building target: MKL46Z4_Boot.axf
Invoking: MCU Linker
arm-none-eabi-gcc -nostdlib -Xlinker -Map="MKL46Z4_Boot.map" -Xlinker --gc-sections -Xlinker -print-memory-usage -Xlinker --sort-section=alignment -Xlinker --cref -mcpu=cortex-m0plus -mthumb -T MKL46Z4_Boot_Debug.ld -o "MKL46Z4_Boot.axf" ./supports/queue.o  ./startup/startup_mkl46z4.o  ./source/MKL46Z4_LightSensor.o ./source/mtb.o  ./middleware/updateflash.o ./middleware/usb.o  ./interface/interface.o  ./drivers/clock.o ./drivers/ftfa.o ./drivers/gpio.o ./drivers/nvic.o ./drivers/port.o ./drivers/systick.o ./drivers/uart0.o  ./CMSIS/system_MKL46Z4.o   
Memory region         Used Size  Region Size  %age Used
   PROGRAM_FLASH:        4696 B       256 KB      1.79%
            SRAM:        4560 B        32 KB     13.92%
Finished building target: MKL46Z4_Boot.axf
 
Performing post-build steps
arm-none-eabi-size "MKL46Z4_Boot.axf"; # arm-none-eabi-objcopy -v -O binary "MKL46Z4_Boot.axf" "MKL46Z4_Boot.bin" ; # checksum -p MKL46Z256xxx4 -d "MKL46Z4_Boot.bin";
   text	   data	    bss	    dec	    hex	filename
   4696	      0	   4560	   9256	   2428	MKL46Z4_Boot.axf
 
16:48:33 **** Incremental Build of configuration Debug for project MKL46Z4_Boot ****
make -r -j8 all 
make[1]: Nothing to be done for 'main-build'.
Performing post-build steps
arm-none-eabi-size "MKL46Z4_Boot.axf"; # arm-none-eabi-objcopy -v -O binary "MKL46Z4_Boot.axf" "MKL46Z4_Boot.bin" ; # checksum -p MKL46Z256xxx4 -d "MKL46Z4_Boot.bin";
   text	   data	    bss	    dec	    hex	filename
   4696	      0	   4560	   9256	   2428	MKL46Z4_Boot.axf
 
17:01:43 **** Build of configuration Debug for project MKL46Z4_Boot ****
make -r -j8 all 
Building file: ../middleware/usb.c
Invoking: MCU C Compiler
arm-none-eabi-gcc -D__REDLIB__ -DCPU_MKL46Z256VLL4_cm0plus -DCPU_MKL46Z256VLL4 -DFSL_RTOS_BM -DSDK_OS_BAREMETAL -DSDK_DEBUGCONSOLE=1 -DCR_INTEGER_PRINTF -DPRINTF_FLOAT_ENABLE=0 -D__MCUXPRESSO -D__USE_CMSIS -DDEBUG -I"F:\KL46Project\MKL46Z4_BootLoader\workspace\MKL46Z4_Boot\supports" -I"F:\KL46Project\MKL46Z4_BootLoader\workspace\MKL46Z4_Boot\source" -I"F:\KL46Project\MKL46Z4_BootLoader\workspace\MKL46Z4_Boot\interface" -I"F:\KL46Project\MKL46Z4_BootLoader\workspace\MKL46Z4_Boot\middleware" -I"F:\KL46Project\MKL46Z4_BootLoader\workspace\MKL46Z4_Boot\drivers" -I"F:\KL46Project\MKL46Z4_BootLoader\workspace\MKL46Z4_Boot" -I"F:\KL46Project\MKL46Z4_BootLoader\workspace\MKL46Z4_Boot\CMSIS" -I"F:\KL46Project\MKL46Z4_BootLoader\workspace\MKL46Z4_Boot\startup" -O0 -fno-common -g3 -gdwarf-4 -Wall -c -ffunction-sections -fdata-sections -ffreestanding -fno-builtin -fmerge-constants -fmacro-prefix-map="../middleware/"= -mcpu=cortex-m0plus -mthumb -D__REDLIB__ -fstack-usage -specs=redlib.specs -MMD -MP -MF"middleware/usb.d" -MT"middleware/usb.o" -MT"middleware/usb.d" -o "middleware/usb.o" "../middleware/usb.c"
Finished building: ../middleware/usb.c
 
Building target: MKL46Z4_Boot.axf
Invoking: MCU Linker
arm-none-eabi-gcc -nostdlib -Xlinker -Map="MKL46Z4_Boot.map" -Xlinker --gc-sections -Xlinker -print-memory-usage -Xlinker --sort-section=alignment -Xlinker --cref -mcpu=cortex-m0plus -mthumb -T MKL46Z4_Boot_Debug.ld -o "MKL46Z4_Boot.axf" ./supports/queue.o  ./startup/startup_mkl46z4.o  ./source/MKL46Z4_LightSensor.o ./source/mtb.o  ./middleware/updateflash.o ./middleware/usb.o  ./interface/interface.o  ./drivers/clock.o ./drivers/ftfa.o ./drivers/gpio.o ./drivers/nvic.o ./drivers/port.o ./drivers/systick.o ./drivers/uart0.o  ./CMSIS/system_MKL46Z4.o   
Memory region         Used Size  Region Size  %age Used
   PROGRAM_FLASH:        4736 B       256 KB      1.81%
            SRAM:        4560 B        32 KB     13.92%
Finished building target: MKL46Z4_Boot.axf
 
Performing post-build steps
arm-none-eabi-size "MKL46Z4_Boot.axf"; # arm-none-eabi-objcopy -v -O binary "MKL46Z4_Boot.axf" "MKL46Z4_Boot.bin" ; # checksum -p MKL46Z256xxx4 -d "MKL46Z4_Boot.bin";
   text	   data	    bss	    dec	    hex	filename
   4736	      0	   4560	   9296	   2450	MKL46Z4_Boot.axf
 
17:01:44 **** Incremental Build of configuration Debug for project MKL46Z4_Boot ****
make -r -j8 all 
make[1]: Nothing to be done for 'main-build'.
Performing post-build steps
arm-none-eabi-size "MKL46Z4_Boot.axf"; # arm-none-eabi-objcopy -v -O binary "MKL46Z4_Boot.axf" "MKL46Z4_Boot.bin" ; # checksum -p MKL46Z256xxx4 -d "MKL46Z4_Boot.bin";
   text	   data	    bss	    dec	    hex	filename
   4736	      0	   4560	   9296	   2450	MKL46Z4_Boot.axf
 
